
################################################################################
#
# This file has been generated by SpyGlass:
#     Report Name      : moresimple
#     Report Created by: g112061533
#     Report Created on:  Sun May 26 01:55:07 2024
#     Working Directory: /users/course/2024S/VLSI20240002/g112061533/esp/socs/xilinx-vcu128-xcvu37p
#     SpyGlass Version : SpyGlass_vT-2022.06
#     Policy Name      : SpyGlass(SpyGlass_vT-2022.06)
#                        clock-reset(SpyGlass_vT-2022.06)
#                        erc(SpyGlass_vT-2022.06)
#                        latch(SpyGlass_vT-2022.06)
#                        lint(SpyGlass_vT-2022.06)
#                        morelint(SpyGlass_vT-2022.06)
#                        openmore(SpyGlass_vT-2022.06)
#                        power_est(SpyGlass_vT-2022.06)
#                        simulation(SpyGlass_vT-2022.06)
#                        starc(SpyGlass_vT-2022.06)
#                        starc2005(SpyGlass_vT-2022.06)
#                        txv(SpyGlass_vT-2022.06)
#
#     Total Number of Generated Messages :         10
#     Number of Waived Messages          :          0
#     Number of Reported Messages        :         10
#     Number of Overlimit Messages       :          0
#
#
################################################################################

+++++++++++++++++++++++++++++++++++++++++++++++++++++++++++++++++++++++
MORESIMPLE REPORT:


############### BuiltIn -> RuleGroup=Blackbox Resolution ###############
+++++++++++++++++++++++++++++++++++++++++++++++++++++++++++++++++++++++++++++++++++++++
ID       Rule                Alias               Severity    File                                                                                     Line    Wt    Message
======================================================================================
[1C]     ErrorAnalyzeBBox    ErrorAnalyzeBBox    Error       ../../accelerators/rtl/lenet_rtl/hw/src/lenet_rtl_basic_dma64/lenet_rtl_basic_dma64.v    105     10    Design Unit 'SRAM_weight_16384x32b' has no definition; black-box behavior assumed and module interface inferred
[1B]     ErrorAnalyzeBBox    ErrorAnalyzeBBox    Error       ../../accelerators/rtl/lenet_rtl/hw/src/lenet_rtl_basic_dma64/lenet_rtl_basic_dma64.v    118     10    Design Unit 'SRAM_activation_1024x32b' has no definition; black-box behavior assumed and module interface inferred
+++++++++++++++++++++++++++++++++++++++++++++++++++++++++++++++++++++++++++++++++++++++


############### BuiltIn -> RuleGroup=Design Read ###############
+++++++++++++++++++++++++++++++++++++++++++++++++++++++++++++++++++++++++++++++++++++++
ID       Rule                    Alias                   Severity    File                                                                                     Line    Wt    Message
======================================================================================
[1]      DetectTopDesignUnits    DetectTopDesignUnits    Info        ../../accelerators/rtl/lenet_rtl/hw/src/lenet_rtl_basic_dma64/lenet_rtl_basic_dma64.v    1       2     Module lenet_rtl_basic_dma64 is a top level design unit
[0]      ElabSummary             ElabSummary             Info        ./spyglass-1/lint/lint_rtl/spyglass_reports/SpyGlass/elab_summary.rpt                    0       2     Please refer file './spyglass-1/lint/lint_rtl/spyglass_reports/SpyGlass/elab_summary.rpt' for elab summary report
[6]      InferBlackBox           inferblackbox           Info        N.A.                                                                                     0       10    Interfaces for blackbox modules have been inferred. Please refer to AnalyzeBBox violations for more details
+++++++++++++++++++++++++++++++++++++++++++++++++++++++++++++++++++++++++++++++++++++++


############### Non-BuiltIn -> Goal=lint/lint_rtl ###############
+++++++++++++++++++++++++++++++++++++++++++++++++++++++++++++++++++++++++++++++++++++++
ID       Rule                 Alias    Severity    File                                                                                     Line    Wt    Message
======================================================================================
[1A]     UndrivenInTerm-ML             Error       ../../accelerators/rtl/lenet_rtl/hw/src/lenet_rtl_basic_dma64/lenet_rtl_basic_dma64.v    1007    10    Detected undriven input terminal lenet_rtl_basic_dma64.lenet_acc_engine.n_weight_wdata0[31:0]
[19]     UndrivenInTerm-ML             Error       ../../accelerators/rtl/lenet_rtl/hw/src/lenet_rtl_basic_dma64/lenet_rtl_basic_dma64.v    1008    10    Detected undriven input terminal lenet_rtl_basic_dma64.lenet_acc_engine.n_weight_wdata1[31:0]
[5]      W123                          Error       ../../accelerators/rtl/lenet_rtl/hw/src/lenet_rtl_basic_dma64/lenet_rtl_basic_dma64.v    1007    10    Variable 'n_weight_wdata0[31:0]' read but never set.[Hierarchy: ':lenet_rtl_basic_dma64:lenet_acc_engine@lenet']
[4]      W123                          Error       ../../accelerators/rtl/lenet_rtl/hw/src/lenet_rtl_basic_dma64/lenet_rtl_basic_dma64.v    1008    10    Variable 'n_weight_wdata1[31:0]' read but never set.[Hierarchy: ':lenet_rtl_basic_dma64:lenet_acc_engine@lenet']
[3]      W123                          Error       ./spyglass-1/lint/lint_rtl/spyglass_reports/lint/SignalUsageReport.rpt                   0       10    Please refer to 'SignalUsageReport.rpt' for details of violating bits
+++++++++++++++++++++++++++++++++++++++++++++++++++++++++++++++++++++++++++++++++++++++
