 
****************************************
Report : area
Design : lenet
Version: R-2020.09
Date   : Tue May  7 21:12:56 2024
****************************************

Library(s) Used:

    slow_vdd1v2 (File: /theda21_2/library/GPDK045/cur/gsclib045/db/slow_vdd1v2_basicCells.db)

Number of ports:                         6967
Number of nets:                         31059
Number of cells:                        23311
Number of combinational cells:          21396
Number of sequential cells:              1804
Number of macros/black boxes:               0
Number of buf/inv:                       3533
Number of references:                     133

Combinational area:              37749.396537
Buf/Inv area:                     2656.656059
Noncombinational area:           10850.292242
Macro/Black Box area:                0.000000
Net Interconnect area:      undefined  (No wire load specified)

Total cell area:                 48599.688779
Total area:                 undefined

Hierarchical area distribution
------------------------------

                                  Global cell area            Local cell area
                                  -------------------  ------------------------------ 
Hierarchical cell                 Absolute    Percent  Combi-      Noncombi-   Black-
                                  Total       Total    national    national    boxes   Design
--------------------------------  ----------  -------  ----------  ----------  ------  -----------------------------
lenet                             48599.6888    100.0   4336.6969   3036.9601  0.0000  lenet
acq01                              2008.1556      4.1     14.7060     55.4040  0.0000  actquant_1
acq01/mult_1083                    1938.0456      4.0   1938.0456      0.0000  0.0000  actquant_1_DW_mult_tc_2
acq02                              2025.6318      4.2     14.7060     56.7720  0.0000  actquant_0
acq02/mult_1083                    1954.1538      4.0   1954.1538      0.0000  0.0000  actquant_0_DW_mult_tc_2
add_0_root_add_0_root_add_514_2      67.0320      0.1     67.0320      0.0000  0.0000  lenet_DW01_add_27_DW01_add_67
add_0_root_add_0_root_add_999_2     306.4320      0.6    306.4320      0.0000  0.0000  lenet_DW01_add_51
add_1_root_add_0_root_add_999_2     298.9080      0.6    298.9080      0.0000  0.0000  lenet_DW01_add_50
add_1_root_add_515_3                 68.4000      0.1     68.4000      0.0000  0.0000  lenet_DW01_add_25_DW01_add_65
pe00                               4476.9853      9.2     58.4820    929.5560  0.0000  pe_7
pe00/add_0_root_add_0_root_add_1166_5
                                    231.5340      0.5    231.5340      0.0000  0.0000  pe_7_DW01_add_14
pe00/add_1_root_add_0_root_add_1166_5
                                    226.0620      0.5    226.0620      0.0000  0.0000  pe_7_DW01_add_13
pe00/add_2_root_add_0_root_add_1166_5
                                    214.7760      0.4    214.7760      0.0000  0.0000  pe_7_DW01_add_10
pe00/add_3_root_add_0_root_add_1166_5
                                    228.7980      0.5    228.7980      0.0000  0.0000  pe_7_DW01_add_11
pe00/add_4_root_add_0_root_add_1166_5
                                    228.7980      0.5    228.7980      0.0000  0.0000  pe_7_DW01_add_12
pe00/mult_1139                      460.4688      0.9    460.4688      0.0000  0.0000  pe_7_DW_mult_tc_9
pe00/mult_1140                      472.9005      1.0    472.9005      0.0000  0.0000  pe_7_DW_mult_tc_8
pe00/mult_1141                      473.4477      1.0    473.4477      0.0000  0.0000  pe_7_DW_mult_tc_7
pe00/mult_1142                      477.9621      1.0    477.9621      0.0000  0.0000  pe_7_DW_mult_tc_6
pe00/mult_1143                      474.2001      1.0    474.2001      0.0000  0.0000  pe_7_DW_mult_tc_5
pe01                               4375.0522      9.0     56.7720    923.4000  0.0000  pe_6
pe01/add_0_root_add_0_root_add_1166_5
                                    231.5340      0.5    231.5340      0.0000  0.0000  pe_6_DW01_add_14
pe01/add_1_root_add_0_root_add_1166_5
                                    226.0620      0.5    226.0620      0.0000  0.0000  pe_6_DW01_add_13
pe01/add_2_root_add_0_root_add_1166_5
                                    214.4340      0.4    214.4340      0.0000  0.0000  pe_6_DW01_add_10
pe01/add_3_root_add_0_root_add_1166_5
                                    228.7980      0.5    228.7980      0.0000  0.0000  pe_6_DW01_add_11
pe01/add_4_root_add_0_root_add_1166_5
                                    228.7980      0.5    228.7980      0.0000  0.0000  pe_6_DW01_add_12
pe01/mult_1139                      445.4892      0.9    445.4892      0.0000  0.0000  pe_6_DW_mult_tc_9
pe01/mult_1140                      452.1924      0.9    452.1924      0.0000  0.0000  pe_6_DW_mult_tc_8
pe01/mult_1141                      455.0994      0.9    455.0994      0.0000  0.0000  pe_6_DW_mult_tc_7
pe01/mult_1142                      461.9394      1.0    461.9394      0.0000  0.0000  pe_6_DW_mult_tc_6
pe01/mult_1143                      450.5337      0.9    450.5337      0.0000  0.0000  pe_6_DW_mult_tc_5
pe02                               4314.6892      8.9     58.4820    923.4000  0.0000  pe_5
pe02/add_0_root_add_0_root_add_1166_5
                                    231.8760      0.5    231.8760      0.0000  0.0000  pe_5_DW01_add_14
pe02/add_1_root_add_0_root_add_1166_5
                                    225.3780      0.5    225.3780      0.0000  0.0000  pe_5_DW01_add_13
pe02/add_2_root_add_0_root_add_1166_5
                                    209.9880      0.4    209.9880      0.0000  0.0000  pe_5_DW01_add_10
pe02/add_3_root_add_0_root_add_1166_5
                                    228.7980      0.5    228.7980      0.0000  0.0000  pe_5_DW01_add_11
pe02/add_4_root_add_0_root_add_1166_5
                                    228.7980      0.5    228.7980      0.0000  0.0000  pe_5_DW01_add_12
pe02/mult_1139                      433.6560      0.9    433.6560      0.0000  0.0000  pe_5_DW_mult_tc_5
pe02/mult_1140                      442.7874      0.9    442.7874      0.0000  0.0000  pe_5_DW_mult_tc_9
pe02/mult_1141                      450.8757      0.9    450.8757      0.0000  0.0000  pe_5_DW_mult_tc_8
pe02/mult_1142                      455.1336      0.9    455.1336      0.0000  0.0000  pe_5_DW_mult_tc_7
pe02/mult_1143                      425.5164      0.9    425.5164      0.0000  0.0000  pe_5_DW_mult_tc_6
pe03                               4348.3591      8.9     56.7720    923.4000  0.0000  pe_4
pe03/add_0_root_add_0_root_add_1166_5
                                    231.8760      0.5    231.8760      0.0000  0.0000  pe_4_DW01_add_14
pe03/add_1_root_add_0_root_add_1166_5
                                    225.3780      0.5    225.3780      0.0000  0.0000  pe_4_DW01_add_13
pe03/add_2_root_add_0_root_add_1166_5
                                    209.9880      0.4    209.9880      0.0000  0.0000  pe_4_DW01_add_10
pe03/add_3_root_add_0_root_add_1166_5
                                    228.7980      0.5    228.7980      0.0000  0.0000  pe_4_DW01_add_11
pe03/add_4_root_add_0_root_add_1166_5
                                    228.7980      0.5    228.7980      0.0000  0.0000  pe_4_DW01_add_12
pe03/mult_1139                      430.7661      0.9    430.7661      0.0000  0.0000  pe_4_DW_mult_tc_5
pe03/mult_1140                      437.8284      0.9    437.8284      0.0000  0.0000  pe_4_DW_mult_tc_9
pe03/mult_1141                      450.3798      0.9    450.3798      0.0000  0.0000  pe_4_DW_mult_tc_8
pe03/mult_1142                      462.7089      1.0    462.7089      0.0000  0.0000  pe_4_DW_mult_tc_7
pe03/mult_1143                      461.6658      0.9    461.6658      0.0000  0.0000  pe_4_DW_mult_tc_6
pe04                               4256.5321      8.8     57.7980    923.4000  0.0000  pe_3
pe04/add_0_root_add_0_root_add_1166_5
                                    231.8760      0.5    231.8760      0.0000  0.0000  pe_3_DW01_add_14
pe04/add_1_root_add_0_root_add_1166_5
                                    225.3780      0.5    225.3780      0.0000  0.0000  pe_3_DW01_add_13
pe04/add_2_root_add_0_root_add_1166_5
                                    209.9880      0.4    209.9880      0.0000  0.0000  pe_3_DW01_add_10
pe04/add_3_root_add_0_root_add_1166_5
                                    228.7980      0.5    228.7980      0.0000  0.0000  pe_3_DW01_add_11
pe04/add_4_root_add_0_root_add_1166_5
                                    228.7980      0.5    228.7980      0.0000  0.0000  pe_3_DW01_add_12
pe04/mult_1139                      442.5480      0.9    442.5480      0.0000  0.0000  pe_3_DW_mult_tc_9
pe04/mult_1140                      439.8120      0.9    439.8120      0.0000  0.0000  pe_3_DW_mult_tc_8
pe04/mult_1141                      425.1060      0.9    425.1060      0.0000  0.0000  pe_3_DW_mult_tc_7
pe04/mult_1142                      425.7900      0.9    425.7900      0.0000  0.0000  pe_3_DW_mult_tc_6
pe04/mult_1143                      417.2400      0.9    417.2400      0.0000  0.0000  pe_3_DW_mult_tc_5
pe05                               4277.5309      8.8     56.0880    923.4000  0.0000  pe_2
pe05/add_0_root_add_0_root_add_1166_5
                                    231.8760      0.5    231.8760      0.0000  0.0000  pe_2_DW01_add_14
pe05/add_1_root_add_0_root_add_1166_5
                                    225.3780      0.5    225.3780      0.0000  0.0000  pe_2_DW01_add_13
pe05/add_2_root_add_0_root_add_1166_5
                                    209.9880      0.4    209.9880      0.0000  0.0000  pe_2_DW01_add_10
pe05/add_3_root_add_0_root_add_1166_5
                                    228.7980      0.5    228.7980      0.0000  0.0000  pe_2_DW01_add_11
pe05/add_4_root_add_0_root_add_1166_5
                                    228.7980      0.5    228.7980      0.0000  0.0000  pe_2_DW01_add_12
pe05/mult_1139                      439.4700      0.9    439.4700      0.0000  0.0000  pe_2_DW_mult_tc_9
pe05/mult_1140                      425.1060      0.9    425.1060      0.0000  0.0000  pe_2_DW_mult_tc_8
pe05/mult_1141                      446.7204      0.9    446.7204      0.0000  0.0000  pe_2_DW_mult_tc_7
pe05/mult_1142                      427.5684      0.9    427.5684      0.0000  0.0000  pe_2_DW_mult_tc_6
pe05/mult_1143                      434.3400      0.9    434.3400      0.0000  0.0000  pe_2_DW_mult_tc_5
pe06                               4262.9446      8.8     57.7980    923.4000  0.0000  pe_1
pe06/add_0_root_add_0_root_add_1166_5
                                    231.8760      0.5    231.8760      0.0000  0.0000  pe_1_DW01_add_14
pe06/add_1_root_add_0_root_add_1166_5
                                    225.3780      0.5    225.3780      0.0000  0.0000  pe_1_DW01_add_13
pe06/add_2_root_add_0_root_add_1166_5
                                    209.9880      0.4    209.9880      0.0000  0.0000  pe_1_DW01_add_10
pe06/add_3_root_add_0_root_add_1166_5
                                    228.7980      0.5    228.7980      0.0000  0.0000  pe_1_DW01_add_11
pe06/add_4_root_add_0_root_add_1166_5
                                    228.7980      0.5    228.7980      0.0000  0.0000  pe_1_DW01_add_12
pe06/mult_1139                      428.1840      0.9    428.1840      0.0000  0.0000  pe_1_DW_mult_tc_9
pe06/mult_1140                      437.0760      0.9    437.0760      0.0000  0.0000  pe_1_DW_mult_tc_8
pe06/mult_1141                      426.8844      0.9    426.8844      0.0000  0.0000  pe_1_DW_mult_tc_7
pe06/mult_1142                      440.0001      0.9    440.0001      0.0000  0.0000  pe_1_DW_mult_tc_6
pe06/mult_1143                      424.7640      0.9    424.7640      0.0000  0.0000  pe_1_DW_mult_tc_5
pe07                               4276.8469      8.8     56.0880    923.4000  0.0000  pe_0
pe07/add_0_root_add_0_root_add_1166_5
                                    231.8760      0.5    231.8760      0.0000  0.0000  pe_0_DW01_add_14
pe07/add_1_root_add_0_root_add_1166_5
                                    225.3780      0.5    225.3780      0.0000  0.0000  pe_0_DW01_add_13
pe07/add_2_root_add_0_root_add_1166_5
                                    209.9880      0.4    209.9880      0.0000  0.0000  pe_0_DW01_add_10
pe07/add_3_root_add_0_root_add_1166_5
                                    228.7980      0.5    228.7980      0.0000  0.0000  pe_0_DW01_add_11
pe07/add_4_root_add_0_root_add_1166_5
                                    228.7980      0.5    228.7980      0.0000  0.0000  pe_0_DW01_add_12
pe07/mult_1139                      418.9500      0.9    418.9500      0.0000  0.0000  pe_0_DW_mult_tc_9
pe07/mult_1140                      433.3140      0.9    433.3140      0.0000  0.0000  pe_0_DW_mult_tc_8
pe07/mult_1141                      439.4700      0.9    439.4700      0.0000  0.0000  pe_0_DW_mult_tc_7
pe07/mult_1142                      427.9104      0.9    427.9104      0.0000  0.0000  pe_0_DW_mult_tc_6
pe07/mult_1143                      452.8764      0.9    452.8764      0.0000  0.0000  pe_0_DW_mult_tc_5
pool01                              669.6360      1.4    188.7840    153.9000  0.0000  maxpool_1
pool01/gt_1043                      108.7560      0.2    108.7560      0.0000  0.0000  maxpool_1_DW_cmp_2
pool01/gt_1047                      109.0980      0.2    109.0980      0.0000  0.0000  maxpool_1_DW_cmp_1
pool01/gt_1051                      109.0980      0.2    109.0980      0.0000  0.0000  maxpool_1_DW_cmp_0
pool02                              672.3720      1.4    191.5200    153.9000  0.0000  maxpool_0
pool02/gt_1043                      108.7560      0.2    108.7560      0.0000  0.0000  maxpool_0_DW_cmp_2
pool02/gt_1047                      109.0980      0.2    109.0980      0.0000  0.0000  maxpool_0_DW_cmp_1
pool02/gt_1051                      109.0980      0.2    109.0980      0.0000  0.0000  maxpool_0_DW_cmp_0
r1126                                30.7800      0.1     30.7800      0.0000  0.0000  lenet_DW01_inc_3_DW01_inc_9
r1140                                36.5940      0.1     36.5940      0.0000  0.0000  lenet_DW01_inc_1_DW01_inc_7
r1170                                37.2780      0.1     37.2780      0.0000  0.0000  lenet_DW01_inc_0_DW01_inc_6
r1174                                99.5220      0.2     99.5220      0.0000  0.0000  lenet_DW_mult_uns_0
r1230                               282.1500      0.6    282.1500      0.0000  0.0000  lenet_DW01_add_46
relu01                               17.1000      0.0     17.1000      0.0000  0.0000  relu_1
relu02                               17.1000      0.0     17.1000      0.0000  0.0000  relu_0
--------------------------------  ----------  -------  ----------  ----------  ------  -----------------------------
Total                                                  37749.3965  10850.2922  0.0000

1
