
################################################################################
#
# This file has been generated by SpyGlass:
#     Report Name      : moresimple
#     Report Created by: g112061533
#     Report Created on:  Tue May  7 21:04:52 2024
#     Working Directory: /users/course/2024S/VLSI20240002/g112061533/HW4_updata/hdl
#     SpyGlass Version : SpyGlass_vT-2022.06
#     Policy Name      : SpyGlass(SpyGlass_vT-2022.06)
#                        clock-reset(SpyGlass_vT-2022.06)
#                        erc(SpyGlass_vT-2022.06)
#                        latch(SpyGlass_vT-2022.06)
#                        lint(SpyGlass_vT-2022.06)
#                        morelint(SpyGlass_vT-2022.06)
#                        openmore(SpyGlass_vT-2022.06)
#                        power_est(SpyGlass_vT-2022.06)
#                        simulation(SpyGlass_vT-2022.06)
#                        starc(SpyGlass_vT-2022.06)
#                        starc2005(SpyGlass_vT-2022.06)
#                        txv(SpyGlass_vT-2022.06)
#
#     Total Number of Generated Messages :          8
#     Number of Waived Messages          :          0
#     Number of Reported Messages        :          8
#     Number of Overlimit Messages       :          0
#
#
################################################################################

+++++++++++++++++++++++++++++++++++++++++++++++++++++++++++++++++++++++
MORESIMPLE REPORT:


############### BuiltIn -> RuleGroup=Design Read ###############
+++++++++++++++++++++++++++++++++++++++++++++++++++++++++++++++++++++++++++++++++++++++
ID       Rule                    Alias                   Severity    File                                                                     Line    Wt    Message
======================================================================================
[1]      DetectTopDesignUnits    DetectTopDesignUnits    Info        lenet.v                                                                  1       2     Module lenet is a top level design unit
[0]      ElabSummary             ElabSummary             Info        ./spyglass-1/lint/lint_rtl/spyglass_reports/SpyGlass/elab_summary.rpt    0       2     Please refer file './spyglass-1/lint/lint_rtl/spyglass_reports/SpyGlass/elab_summary.rpt' for elab summary report
+++++++++++++++++++++++++++++++++++++++++++++++++++++++++++++++++++++++++++++++++++++++


############### Non-BuiltIn -> Goal=lint/lint_rtl ###############
+++++++++++++++++++++++++++++++++++++++++++++++++++++++++++++++++++++++++++++++++++++++
ID       Rule                 Alias    Severity    File                                                                      Line    Wt    Message
======================================================================================
[8]      UndrivenInTerm-ML             Error       lenet.v                                                                   168     10    Detected undriven input terminal lenet.n_weight_wdata0[31:0]
[7]      UndrivenInTerm-ML             Error       lenet.v                                                                   169     10    Detected undriven input terminal lenet.n_weight_wdata1[31:0]
[2]      W123                          Error       ./spyglass-1/lint/lint_rtl/spyglass_reports/lint/SignalUsageReport.rpt    0       10    Please refer to 'SignalUsageReport.rpt' for details of violating bits
[4]      W123                          Error       lenet.v                                                                   168     10    Variable 'n_weight_wdata0[31:0]' read but never set.[Hierarchy: ':lenet']
[3]      W123                          Error       lenet.v                                                                   169     10    Variable 'n_weight_wdata1[31:0]' read but never set.[Hierarchy: ':lenet']
[6]      W486                          Warning     lenet.v                                                                   1101    10    Rhs width '25' with shift (Expr: '(n_scale_data_in >>> 16)') is more than lhs width '8' (Expr: 'data_out'), this may cause overflow [Hierarchy: ':lenet:acq01@actquant']
+++++++++++++++++++++++++++++++++++++++++++++++++++++++++++++++++++++++++++++++++++++++

################################################################################
#
# This file has been generated by SpyGlass:
#     Report Name      : moresimple
#     Report Created by: g112061533
#     Report Created on: Tue May  7 21:05:08 2024
#     Working Directory: /users/course/2024S/VLSI20240002/g112061533/HW4_updata/hdl
#     SpyGlass Version : SpyGlass_vT-2022.06
#     Policy Name      : SpyGlass(SpyGlass_vT-2022.06)
#                        clock-reset(SpyGlass_vT-2022.06)
#                        erc(SpyGlass_vT-2022.06)
#                        latch(SpyGlass_vT-2022.06)
#                        lint(SpyGlass_vT-2022.06)
#                        morelint(SpyGlass_vT-2022.06)
#                        openmore(SpyGlass_vT-2022.06)
#                        power_est(SpyGlass_vT-2022.06)
#                        simulation(SpyGlass_vT-2022.06)
#                        starc(SpyGlass_vT-2022.06)
#                        starc2005(SpyGlass_vT-2022.06)
#                        txv(SpyGlass_vT-2022.06)
#
#     Total Number of Generated Primary Messages   :          8
#     Total Number of Generated Secondary Messages :          2
#     Number of Waived Primary Messages            :          0
#     Number of Waived Secondary Messages          :          0
#     Number of Reported Primary Messages          :          8
#     Number of Overlimit Messages                 :          0
#
#
################################################################################

++++++++++++++++++++++++++++++++++++++++++++++++++++++++++++++++++++++++++++++++++++++++++++++++++++++++++++++++
MORESIMPLE REPORT:


############### BuiltIn -> RuleGroup=Design Read ###############
++++++++++++++++++++++++++++++++++++++++++++++++++++++++++++++++++++++++++++++++++++++++++++++++++++++++++++++++++++++++
ID       Rule                    Alias                   Severity    File                                                                           Line    Wt    Secondary Msg Count    Message
========================================================================================================================
[2]      DetectTopDesignUnits    DetectTopDesignUnits    Info        lenet.v                                                                        1       2     NA                     Module lenet is a top level design unit
[1]      ElabSummary             ElabSummary             Info        ./spyglass-1/lint/lint_turbo_rtl/spyglass_reports/SpyGlass/elab_summary.rpt    0       2     NA                     Please refer file './spyglass-1/lint/lint_turbo_rtl/spyglass_reports/SpyGlass/elab_summary.rpt' for elab summary report
[0]      TurboModeStatus         TurboModeStatus         Info        N.A.                                                                           0       10    NA                     Turbo-Mode is enabled in the current run as turbo_struct license feature successfully checked out
+++++++++++++++++++++++++++++++++++++++++++++++++++++++++++++++++++++++++++++++++++++++++++++++++++++++++++++++++++++++


############### Non-BuiltIn -> Goal=lint/lint_turbo_rtl ###############
++++++++++++++++++++++++++++++++++++++++++++++++++++++++++++++++++++++++++++++++++++++++++++++++++++++++++++++++++++++++
ID       Rule                 Alias    Severity    File                                                                            Line    Wt    Secondary Msg Count    Message
========================================================================================================================
[A]      UndrivenInTerm-ML             Error       lenet.v                                                                         168     10    2                      '2' input terminal(s) of module 'lenet' are undriven
[3]      W123                          Error       ./spyglass-1/lint/lint_turbo_rtl/spyglass_reports/lint/SignalUsageReport.rpt    0       10    NA                     Please refer to 'SignalUsageReport.rpt' for details of violating bits
[5]      W123                          Error       lenet.v                                                                         168     10    NA                     Variable 'n_weight_wdata0[31:0]' read but never set.[Hierarchy: ':lenet']
[4]      W123                          Error       lenet.v                                                                         169     10    NA                     Variable 'n_weight_wdata1[31:0]' read but never set.[Hierarchy: ':lenet']
[7]      W486                          Warning     lenet.v                                                                         1101    10    NA                     Rhs width '25' with shift (Expr: '(n_scale_data_in >>> 16)') is more than lhs width '8' (Expr: 'data_out'), this may cause overflow [Hierarchy: ':lenet:acq01@actquant']
+++++++++++++++++++++++++++++++++++++++++++++++++++++++++++++++++++++++++++++++++++++++++++++++++++++++++++++++++++++++

################################################################################
#
# This file has been generated by SpyGlass:
#     Report Name      : moresimple
#     Report Created by: g112061533
#     Report Created on:  Tue May  7 21:05:18 2024
#     Working Directory: /users/course/2024S/VLSI20240002/g112061533/HW4_updata/hdl
#     SpyGlass Version : SpyGlass_vT-2022.06
#     Policy Name      : SpyGlass(SpyGlass_vT-2022.06)
#                        auto-verify(SpyGlass_vT-2022.06)
#
#     Total Number of Generated Messages :          3
#     Number of Waived Messages          :          0
#     Number of Reported Messages        :          3
#     Number of Overlimit Messages       :          0
#
#
################################################################################

+++++++++++++++++++++++++++++++++++++++++++++++++++++++++++++++++++++++
MORESIMPLE REPORT:
############### FATAL MESSAGES ############### 
+++++++++++++++++++++++++++++++++++++++++++++++++++++++++++++++++++++++++++++++++
ID       Rule         Alias    Severity    File       Line    Wt    Message
======================================================================================
[2]      Av_init01             Fatal       lenet.v    1       10    Could not find clocks for all the flops. Please add clock SGDC constraint to the design
+++++++++++++++++++++++++++++++++++++++++++++++++++++++++++++++++++++++++++++++++++++++


############### BuiltIn -> RuleGroup=Design Read ###############
+++++++++++++++++++++++++++++++++++++++++++++++++++++++++++++++++++++++++++++++++++++++
ID       Rule                    Alias                   Severity    File                                                                                Line    Wt    Message
======================================================================================
[1]      DetectTopDesignUnits    DetectTopDesignUnits    Info        lenet.v                                                                             1       2     Module lenet is a top level design unit
[0]      ElabSummary             ElabSummary             Info        ./spyglass-1/lint/lint_functional_rtl/spyglass_reports/SpyGlass/elab_summary.rpt    0       2     Please refer file './spyglass-1/lint/lint_functional_rtl/spyglass_reports/SpyGlass/elab_summary.rpt' for elab summary report
+++++++++++++++++++++++++++++++++++++++++++++++++++++++++++++++++++++++++++++++++++++++

################################################################################
#
# This file has been generated by SpyGlass:
#     Report Name      : moresimple
#     Report Created by: g112061533
#     Report Created on:  Tue May  7 21:05:32 2024
#     Working Directory: /users/course/2024S/VLSI20240002/g112061533/HW4_updata/hdl
#     SpyGlass Version : SpyGlass_vT-2022.06
#     Policy Name      : SpyGlass(SpyGlass_vT-2022.06)
#                        clock-reset(SpyGlass_vT-2022.06)
#                        lint(SpyGlass_vT-2022.06)
#                        morelint(SpyGlass_vT-2022.06)
#                        power_est(SpyGlass_vT-2022.06)
#                        starc(SpyGlass_vT-2022.06)
#                        txv(SpyGlass_vT-2022.06)
#
#     Total Number of Generated Messages :          3
#     Number of Waived Messages          :          0
#     Number of Reported Messages        :          3
#     Number of Overlimit Messages       :          0
#
#
################################################################################

+++++++++++++++++++++++++++++++++++++++++++++++++++++++++++++++++++++++
MORESIMPLE REPORT:


############### BuiltIn -> RuleGroup=Design Read ###############
+++++++++++++++++++++++++++++++++++++++++++++++++++++++++++++++++++++++++++++++++++++++
ID       Rule                    Alias                   Severity    File                                                                          Line    Wt    Message
======================================================================================
[1]      DetectTopDesignUnits    DetectTopDesignUnits    Info        lenet.v                                                                       1       2     Module lenet is a top level design unit
[0]      ElabSummary             ElabSummary             Info        ./spyglass-1/lint/lint_abstract/spyglass_reports/SpyGlass/elab_summary.rpt    0       2     Please refer file './spyglass-1/lint/lint_abstract/spyglass_reports/SpyGlass/elab_summary.rpt' for elab summary report
+++++++++++++++++++++++++++++++++++++++++++++++++++++++++++++++++++++++++++++++++++++++


############### Non-BuiltIn -> Goal=lint/lint_abstract ###############
+++++++++++++++++++++++++++++++++++++++++++++++++++++++++++++++++++++++++++++++++++++++
ID       Rule               Alias    Severity    File                                                                                       Line    Wt    Message
======================================================================================
[2]      LINT_abstract01             Info        ./spyglass-1/lint/lint_abstract/spyglass_reports/abstract_view/lenet_lint_abstract.sgdc    0       2     Abstract view for design 'lenet' succesfully created
+++++++++++++++++++++++++++++++++++++++++++++++++++++++++++++++++++++++++++++++++++++++

################################################################################
#
# This file has been generated by SpyGlass:
#     Report Name      : moresimple
#     Report Created by: g112061533
#     Report Created on:  Tue May  7 21:05:41 2024
#     Working Directory: /users/course/2024S/VLSI20240002/g112061533/HW4_updata/hdl
#     SpyGlass Version : SpyGlass_vT-2022.06
#     Policy Name      : SpyGlass(SpyGlass_vT-2022.06)
#                        auto-verify(SpyGlass_vT-2022.06)
#
#     Total Number of Generated Messages :          1
#     Number of Waived Messages          :          0
#     Number of Reported Messages        :          1
#     Number of Overlimit Messages       :          0
#
#
################################################################################

+++++++++++++++++++++++++++++++++++++++++++++++++++++++++++++++++++++++
MORESIMPLE REPORT:
############### FATAL MESSAGES ############### 
+++++++++++++++++++++++++++++++++++++++++++++++++++++++++++++++++++++++++++++++++
ID       Rule            Alias    Severity    File    Line    Wt    Message
======================================================================================
[0]      Av_license01             FATAL       N.A.    0       2     'Advanced Lint Policy' not run due to unavailability of Auto_Verify license feature
+++++++++++++++++++++++++++++++++++++++++++++++++++++++++++++++++++++++++++++++++++++++

################################################################################
#
# This file has been generated by SpyGlass:
#     Report Name      : moresimple
#     Report Created by: g112061533
#     Report Created on:  Tue May  7 21:05:48 2024
#     Working Directory: /users/course/2024S/VLSI20240002/g112061533/HW4_updata/hdl
#     SpyGlass Version : SpyGlass_vT-2022.06
#     Policy Name      : SpyGlass(SpyGlass_vT-2022.06)
#                        auto-verify(SpyGlass_vT-2022.06)
#
#     Total Number of Generated Messages :          1
#     Number of Waived Messages          :          0
#     Number of Reported Messages        :          1
#     Number of Overlimit Messages       :          0
#
#
################################################################################

+++++++++++++++++++++++++++++++++++++++++++++++++++++++++++++++++++++++
MORESIMPLE REPORT:
############### FATAL MESSAGES ############### 
+++++++++++++++++++++++++++++++++++++++++++++++++++++++++++++++++++++++++++++++++
ID       Rule            Alias    Severity    File    Line    Wt    Message
======================================================================================
[0]      Av_license01             FATAL       N.A.    0       2     'Advanced Lint Policy' not run due to unavailability of Auto_Verify license feature
+++++++++++++++++++++++++++++++++++++++++++++++++++++++++++++++++++++++++++++++++++++++
