 
****************************************
Report : area
Design : bert_encoder
Version: R-2020.09
Date   : Sun Jun 23 19:14:19 2024
****************************************

Library(s) Used:

    slow_vdd1v2 (File: /theda21_2/library/GPDK045/cur/gsclib045/db/slow_vdd1v2_basicCells.db)

Number of ports:                         7533
Number of nets:                         37667
Number of cells:                        30639
Number of combinational cells:          27829
Number of sequential cells:              2726
Number of macros/black boxes:               0
Number of buf/inv:                       4578
Number of references:                     128

Combinational area:              50793.755633
Buf/Inv area:                     3879.648087
Noncombinational area:           17160.876383
Macro/Black Box area:                0.000000
Net Interconnect area:      undefined  (No wire load specified)

Total cell area:                 67954.632016
Total area:                 undefined

Hierarchical area distribution
------------------------------

                                  Global cell area            Local cell area
                                  -------------------  ------------------------------ 
Hierarchical cell                 Absolute    Percent  Combi-      Noncombi-   Black-
                                  Total       Total    national    national    boxes   Design
--------------------------------  ----------  -------  ----------  ----------  ------  ------------------------------------
bert_encoder                      67954.6320    100.0  24059.7005  16791.5164  0.0000  bert_encoder
a1                                  134.0640      0.2      1.0260     55.4040  0.0000  add
a1/add_2433                          77.6340      0.1     77.6340      0.0000  0.0000  add_DW01_add_1
add_0_root_add_2399_2               305.4060      0.4    305.4060      0.0000  0.0000  bert_encoder_DW01_add_55
add_0_root_add_832_2                 55.4040      0.1     55.4040      0.0000  0.0000  bert_encoder_DW01_add_24
add_698                              37.2780      0.1     37.2780      0.0000  0.0000  bert_encoder_DW01_inc_20_DW01_inc_22
pe0                               10065.8126     14.8    117.3060    157.6620  0.0000  pe_1
pe0/add_0_root_add_0_root_add_2571_16
                                    239.7420      0.4    239.7420      0.0000  0.0000  pe_1_DW01_add_42
pe0/add_0_root_add_2571_7           176.8140      0.3    176.8140      0.0000  0.0000  pe_1_DW01_add_26
pe0/add_1_root_add_0_root_add_2571_16
                                    230.8500      0.3    230.8500      0.0000  0.0000  pe_1_DW01_add_41
pe0/add_1_root_add_2571_7           165.5280      0.2    165.5280      0.0000  0.0000  pe_1_DW01_add_50
pe0/add_2571                        150.1380      0.2    150.1380      0.0000  0.0000  pe_1_DW01_add_58
pe0/add_2571_10                     146.3760      0.2    146.3760      0.0000  0.0000  pe_1_DW01_add_63
pe0/add_2571_12                     188.1000      0.3    188.1000      0.0000  0.0000  pe_1_DW01_add_32
pe0/add_2571_13                     185.3640      0.3    185.3640      0.0000  0.0000  pe_1_DW01_add_30
pe0/add_2571_14                     187.4160      0.3    187.4160      0.0000  0.0000  pe_1_DW01_add_31
pe0/add_2571_2                      149.7960      0.2    149.7960      0.0000  0.0000  pe_1_DW01_add_53
pe0/add_2571_3                      157.6620      0.2    157.6620      0.0000  0.0000  pe_1_DW01_add_45
pe0/add_2571_4                      148.0860      0.2    148.0860      0.0000  0.0000  pe_1_DW01_add_49
pe0/add_2571_6                      145.6920      0.2    145.6920      0.0000  0.0000  pe_1_DW01_add_64
pe0/add_2571_8                      142.6140      0.2    142.6140      0.0000  0.0000  pe_1_DW01_add_62
pe0/add_2571_9                      145.0080      0.2    145.0080      0.0000  0.0000  pe_1_DW01_add_74
pe0/add_2_root_add_2571_16          182.6280      0.3    182.6280      0.0000  0.0000  pe_1_DW01_add_25
pe0/mult_2541                       520.1820      0.8    520.1820      0.0000  0.0000  pe_1_DW_mult_tc_53
pe0/mult_2542                       518.8140      0.8    518.8140      0.0000  0.0000  pe_1_DW_mult_tc_38
pe0/mult_2543                       495.9000      0.7    495.9000      0.0000  0.0000  pe_1_DW_mult_tc_27
pe0/mult_2544                       491.4540      0.7    491.4540      0.0000  0.0000  pe_1_DW_mult_tc_51
pe0/mult_2545                       431.6040      0.6    431.6040      0.0000  0.0000  pe_1_DW_mult_tc_41
pe0/mult_2546                       432.9720      0.6    432.9720      0.0000  0.0000  pe_1_DW_mult_tc_40
pe0/mult_2547                       404.5860      0.6    404.5860      0.0000  0.0000  pe_1_DW_mult_tc_50
pe0/mult_2548                       417.9240      0.6    417.9240      0.0000  0.0000  pe_1_DW_mult_tc_49
pe0/mult_2549                       408.0060      0.6    408.0060      0.0000  0.0000  pe_1_DW_mult_tc_48
pe0/mult_2550                       408.0060      0.6    408.0060      0.0000  0.0000  pe_1_DW_mult_tc_47
pe0/mult_2551                       423.8064      0.6    423.8064      0.0000  0.0000  pe_1_DW_mult_tc_55
pe0/mult_2552                       408.0060      0.6    408.0060      0.0000  0.0000  pe_1_DW_mult_tc_44
pe0/mult_2553                       418.9500      0.6    418.9500      0.0000  0.0000  pe_1_DW_mult_tc_37
pe0/mult_2554                       428.1840      0.6    428.1840      0.0000  0.0000  pe_1_DW_mult_tc_36
pe0/mult_2555                       420.6600      0.6    420.6600      0.0000  0.0000  pe_1_DW_mult_tc_35
pe0/mult_2556                       419.9760      0.6    419.9760      0.0000  0.0000  pe_1_DW_mult_tc_34
pe1                               10179.4763     15.0    117.3060    156.2940  0.0000  pe_0
pe1/add_0_root_add_0_root_add_2571_16
                                    230.5080      0.3    230.5080      0.0000  0.0000  pe_0_DW01_add_37
pe1/add_0_root_add_2571_7           180.5760      0.3    180.5760      0.0000  0.0000  pe_0_DW01_add_54
pe1/add_1_root_add_0_root_add_2571_16
                                    225.7200      0.3    225.7200      0.0000  0.0000  pe_0_DW01_add_42
pe1/add_1_root_add_2571_7           174.4200      0.3    174.4200      0.0000  0.0000  pe_0_DW01_add_34
pe1/add_2571                        154.9260      0.2    154.9260      0.0000  0.0000  pe_0_DW01_add_58
pe1/add_2571_10                     146.3760      0.2    146.3760      0.0000  0.0000  pe_0_DW01_add_56
pe1/add_2571_12                     145.0080      0.2    145.0080      0.0000  0.0000  pe_0_DW01_add_43
pe1/add_2571_13                     145.0080      0.2    145.0080      0.0000  0.0000  pe_0_DW01_add_40
pe1/add_2571_14                     188.7840      0.3    188.7840      0.0000  0.0000  pe_0_DW01_add_26
pe1/add_2571_2                      160.7400      0.2    160.7400      0.0000  0.0000  pe_0_DW01_add_50
pe1/add_2571_3                      158.6880      0.2    158.6880      0.0000  0.0000  pe_0_DW01_add_33
pe1/add_2571_4                      145.0080      0.2    145.0080      0.0000  0.0000  pe_0_DW01_add_39
pe1/add_2571_6                      142.6140      0.2    142.6140      0.0000  0.0000  pe_0_DW01_add_53
pe1/add_2571_8                      142.6140      0.2    142.6140      0.0000  0.0000  pe_0_DW01_add_55
pe1/add_2571_9                      142.6140      0.2    142.6140      0.0000  0.0000  pe_0_DW01_add_51
pe1/add_2_root_add_2571_16          192.2040      0.3    192.2040      0.0000  0.0000  pe_0_DW01_add_57
pe1/mult_2541                       533.5200      0.8    533.5200      0.0000  0.0000  pe_0_DW_mult_tc_35
pe1/mult_2542                       516.0780      0.8    516.0780      0.0000  0.0000  pe_0_DW_mult_tc_34
pe1/mult_2543                       539.6760      0.8    539.6760      0.0000  0.0000  pe_0_DW_mult_tc_33
pe1/mult_2544                       559.1700      0.8    559.1700      0.0000  0.0000  pe_0_DW_mult_tc_32
pe1/mult_2545                       424.7640      0.6    424.7640      0.0000  0.0000  pe_0_DW_mult_tc_37
pe1/mult_2546                       427.1580      0.6    427.1580      0.0000  0.0000  pe_0_DW_mult_tc_36
pe1/mult_2547                       418.9500      0.6    418.9500      0.0000  0.0000  pe_0_DW_mult_tc_31
pe1/mult_2548                       408.0060      0.6    408.0060      0.0000  0.0000  pe_0_DW_mult_tc_47
pe1/mult_2549                       421.0020      0.6    421.0020      0.0000  0.0000  pe_0_DW_mult_tc_29
pe1/mult_2550                       408.0060      0.6    408.0060      0.0000  0.0000  pe_0_DW_mult_tc_48
pe1/mult_2551                       421.0020      0.6    421.0020      0.0000  0.0000  pe_0_DW_mult_tc_27
pe1/mult_2552                       408.0060      0.6    408.0060      0.0000  0.0000  pe_0_DW_mult_tc_46
pe1/mult_2553                       440.2737      0.6    440.2737      0.0000  0.0000  pe_0_DW_mult_tc_41
pe1/mult_2554                       455.2704      0.7    455.2704      0.0000  0.0000  pe_0_DW_mult_tc_40
pe1/mult_2555                       425.1060      0.6    425.1060      0.0000  0.0000  pe_0_DW_mult_tc_39
pe1/mult_2556                       424.0800      0.6    424.0800      0.0000  0.0000  pe_0_DW_mult_tc_38
q1                                 2906.3161      4.3     34.2000      0.0000  0.0000  quant
q1/mult_2468                       2872.1161      4.2   2872.1161      0.0000  0.0000  quant_DW_mult_tc_3
q2                                 1560.8880      2.3     28.7280      0.0000  0.0000  quant1_1
q2/mult_2446                       1532.1600      2.3   1532.1600      0.0000  0.0000  quant1_1_DW_mult_tc_1
q3                                 1361.1600      2.0     27.3600      0.0000  0.0000  quant1_0
q3/mult_2446                       1333.8000      2.0   1333.8000      0.0000  0.0000  quant1_0_DW_mult_tc_1
r1870                                37.9620      0.1     37.9620      0.0000  0.0000  bert_encoder_DW01_inc_34_DW01_inc_36
r1872                                37.2780      0.1     37.2780      0.0000  0.0000  bert_encoder_DW01_inc_33_DW01_inc_35
r1873                                33.5160      0.0     33.5160      0.0000  0.0000  bert_encoder_DW01_inc_32_DW01_inc_34
r1893                                29.7540      0.0     29.7540      0.0000  0.0000  bert_encoder_DW01_inc_28_DW01_inc_30
r1894                                37.2780      0.1     37.2780      0.0000  0.0000  bert_encoder_DW01_inc_27_DW01_inc_29
r1923                                38.3040      0.1     38.3040      0.0000  0.0000  bert_encoder_DW_mult_uns_0
r1975                               283.5180      0.4    283.5180      0.0000  0.0000  bert_encoder_DW01_add_56
--------------------------------  ----------  -------  ----------  ----------  ------  ------------------------------------
Total                                                  50793.7556  17160.8764  0.0000

1
